e:\university\2020\further graphical concepts\semester 2\bb code\cose50581 tutorial framework_with_objloader semester2 2019-20\cose50581 tutorial framework semester\fggc framework semester 2\debug\vc142.pdb
e:\university\2020\further graphical concepts\semester 2\bb code\cose50581 tutorial framework_with_objloader semester2 2019-20\cose50581 tutorial framework semester\fggc framework semester 2\debug\vc142.idb
e:\university\2020\further graphical concepts\semester 2\bb code\cose50581 tutorial framework_with_objloader semester2 2019-20\cose50581 tutorial framework semester\fggc framework semester 2\debug\vector3d.obj
e:\university\2020\further graphical concepts\semester 2\bb code\cose50581 tutorial framework_with_objloader semester2 2019-20\cose50581 tutorial framework semester\fggc framework semester 2\debug\transform.obj
e:\university\2020\further graphical concepts\semester 2\bb code\cose50581 tutorial framework_with_objloader semester2 2019-20\cose50581 tutorial framework semester\fggc framework semester 2\debug\particlemodel.obj
e:\university\2020\further graphical concepts\semester 2\bb code\cose50581 tutorial framework_with_objloader semester2 2019-20\cose50581 tutorial framework semester\fggc framework semester 2\debug\objloader.obj
e:\university\2020\further graphical concepts\semester 2\bb code\cose50581 tutorial framework_with_objloader semester2 2019-20\cose50581 tutorial framework semester\fggc framework semester 2\debug\gameobject.obj
e:\university\2020\further graphical concepts\semester 2\bb code\cose50581 tutorial framework_with_objloader semester2 2019-20\cose50581 tutorial framework semester\fggc framework semester 2\debug\main.obj
e:\university\2020\further graphical concepts\semester 2\bb code\cose50581 tutorial framework_with_objloader semester2 2019-20\cose50581 tutorial framework semester\fggc framework semester 2\debug\gravity.obj
e:\university\2020\further graphical concepts\semester 2\bb code\cose50581 tutorial framework_with_objloader semester2 2019-20\cose50581 tutorial framework semester\fggc framework semester 2\debug\friction.obj
e:\university\2020\further graphical concepts\semester 2\bb code\cose50581 tutorial framework_with_objloader semester2 2019-20\cose50581 tutorial framework semester\fggc framework semester 2\debug\forces.obj
e:\university\2020\further graphical concepts\semester 2\bb code\cose50581 tutorial framework_with_objloader semester2 2019-20\cose50581 tutorial framework semester\fggc framework semester 2\debug\debug.obj
e:\university\2020\further graphical concepts\semester 2\bb code\cose50581 tutorial framework_with_objloader semester2 2019-20\cose50581 tutorial framework semester\fggc framework semester 2\debug\ddstextureloader.obj
e:\university\2020\further graphical concepts\semester 2\bb code\cose50581 tutorial framework_with_objloader semester2 2019-20\cose50581 tutorial framework semester\fggc framework semester 2\debug\camera.obj
e:\university\2020\further graphical concepts\semester 2\bb code\cose50581 tutorial framework_with_objloader semester2 2019-20\cose50581 tutorial framework semester\fggc framework semester 2\debug\application.obj
e:\university\2020\further graphical concepts\semester 2\bb code\cose50581 tutorial framework_with_objloader semester2 2019-20\cose50581 tutorial framework semester\fggc framework semester 2\debug\apperance.obj
e:\university\2020\further graphical concepts\semester 2\bb code\cose50581 tutorial framework_with_objloader semester2 2019-20\cose50581 tutorial framework semester\fggc framework semester 2\debug\mouseinput.obj
e:\university\2020\further graphical concepts\semester 2\bb code\cose50581 tutorial framework_with_objloader semester2 2019-20\cose50581 tutorial framework semester\fggc framework semester 2\debug\keyboardinput.obj
e:\university\2020\further graphical concepts\semester 2\bb code\cose50581 tutorial framework_with_objloader semester2 2019-20\cose50581 tutorial framework semester\fggc framework semester 2\debug\particlesystems.obj
e:\university\2020\further graphical concepts\semester 2\bb code\cose50581 tutorial framework_with_objloader semester2 2019-20\cose50581 tutorial framework semester\fggc framework semester 2\debug\dx11 framework.exe
e:\university\2020\further graphical concepts\semester 2\bb code\cose50581 tutorial framework_with_objloader semester2 2019-20\cose50581 tutorial framework semester\fggc framework semester 2\debug\dx11 framework.ilk
e:\university\2020\further graphical concepts\semester 2\bb code\cose50581 tutorial framework_with_objloader semester2 2019-20\cose50581 tutorial framework semester\fggc framework semester 2\debug\dx11 framework.pdb
e:\university\2020\further graphical concepts\semester 2\bb code\cose50581 tutorial framework_with_objloader semester2 2019-20\cose50581 tutorial framework semester\fggc framework semester 2\debug\dx11 framework.res
e:\university\2020\further graphical concepts\semester 2\bb code\cose50581 tutorial framework_with_objloader semester2 2019-20\cose50581 tutorial framework semester\fggc framework semester 2\debug\dx11 framework.tlog\cl.command.1.tlog
e:\university\2020\further graphical concepts\semester 2\bb code\cose50581 tutorial framework_with_objloader semester2 2019-20\cose50581 tutorial framework semester\fggc framework semester 2\debug\dx11 framework.tlog\cl.read.1.tlog
e:\university\2020\further graphical concepts\semester 2\bb code\cose50581 tutorial framework_with_objloader semester2 2019-20\cose50581 tutorial framework semester\fggc framework semester 2\debug\dx11 framework.tlog\cl.write.1.tlog
e:\university\2020\further graphical concepts\semester 2\bb code\cose50581 tutorial framework_with_objloader semester2 2019-20\cose50581 tutorial framework semester\fggc framework semester 2\debug\dx11 framework.tlog\link.command.1.tlog
e:\university\2020\further graphical concepts\semester 2\bb code\cose50581 tutorial framework_with_objloader semester2 2019-20\cose50581 tutorial framework semester\fggc framework semester 2\debug\dx11 framework.tlog\link.read.1.tlog
e:\university\2020\further graphical concepts\semester 2\bb code\cose50581 tutorial framework_with_objloader semester2 2019-20\cose50581 tutorial framework semester\fggc framework semester 2\debug\dx11 framework.tlog\link.write.1.tlog
e:\university\2020\further graphical concepts\semester 2\bb code\cose50581 tutorial framework_with_objloader semester2 2019-20\cose50581 tutorial framework semester\fggc framework semester 2\debug\dx11 framework.tlog\rc.command.1.tlog
e:\university\2020\further graphical concepts\semester 2\bb code\cose50581 tutorial framework_with_objloader semester2 2019-20\cose50581 tutorial framework semester\fggc framework semester 2\debug\dx11 framework.tlog\rc.read.1.tlog
e:\university\2020\further graphical concepts\semester 2\bb code\cose50581 tutorial framework_with_objloader semester2 2019-20\cose50581 tutorial framework semester\fggc framework semester 2\debug\dx11 framework.tlog\rc.write.1.tlog
